<?xml version="1.0" encoding="UTF-8"?>
<!-- Generated by org.testng.reporters.JUnitReportReporter -->
<testsuite skipped="1" hostname="dcw24011" name="com.helloselenium.selenium.test.NewTest" tests="1" failures="0" timestamp="18 May 2018 12:16:38 GMT" time="0.000" errors="0">
  <testcase name="branchcreation" time="0.000" classname="com.helloselenium.selenium.test.NewTest">
    <skipped/>
  </testcase> <!-- branchcreation -->
</testsuite> <!-- com.helloselenium.selenium.test.NewTest -->
